nohup: ignoring input
   ▲ Next.js 16.0.0 (Turbopack)
   - Local:        http://localhost:3000
   - Network:      http://0.0.0.0:3000

 ✓ Starting...
[baseline-browser-mapping] The data in this module is over two months old.  To ensure accurate Baseline data, please update: `npm i baseline-browser-mapping@latest -D`
 ✓ Ready in 576ms
 ○ Compiling / ...
 GET / 200 in 9.9s (compile: 9.6s, render: 223ms)
 GET /icon-dark-32x32.png 404 in 1916ms (compile: 1658ms, render: 258ms)
 GET /icon.svg 404 in 1924ms (compile: 1691ms, render: 233ms)
 GET /icon-dark-32x32.png 404 in 116ms (compile: 15ms, render: 102ms)
 GET /icon.svg 404 in 58ms (compile: 10ms, render: 48ms)
 GET / 200 in 46ms (compile: 4ms, render: 42ms)
 GET /icon.svg 404 in 51ms (compile: 11ms, render: 39ms)
 GET / 200 in 42ms (compile: 4ms, render: 38ms)
 POST /api/auth 401 in 962ms (compile: 939ms, render: 23ms)
 POST /api/auth 401 in 13ms (compile: 3ms, render: 10ms)
 POST /api/auth 401 in 13ms (compile: 2ms, render: 11ms)
 POST /api/auth 401 in 13ms (compile: 2ms, render: 11ms)
 GET / 200 in 48ms (compile: 3ms, render: 45ms)
 GET /icon.svg 404 in 53ms (compile: 12ms, render: 41ms)
 GET /icon-light-32x32.png 404 in 46ms (compile: 6ms, render: 40ms)
 POST /api/auth 200 in 15ms (compile: 3ms, render: 12ms)
 GET /dashboard 200 in 1435ms (compile: 1330ms, render: 105ms)
 GET /dashboard 200 in 36ms (compile: 3ms, render: 32ms)
 GET /dashboard/courses 200 in 575ms (compile: 504ms, render: 71ms)
 GET /dashboard/courses 200 in 38ms (compile: 5ms, render: 33ms)
 GET /dashboard/completed 200 in 519ms (compile: 344ms, render: 174ms)
 GET /dashboard/completed 200 in 261ms (compile: 3ms, render: 258ms)
 GET / 200 in 38ms (compile: 3ms, render: 35ms)
 GET / 200 in 49ms (compile: 3ms, render: 46ms)
 POST /api/auth 401 in 14ms (compile: 2ms, render: 12ms)
 POST /api/auth 200 in 13ms (compile: 2ms, render: 11ms)
 GET /dashboard 200 in 23ms (compile: 3ms, render: 20ms)
 GET /dashboard 200 in 43ms (compile: 3ms, render: 40ms)
 GET /dashboard/courses 200 in 172ms (compile: 3ms, render: 169ms)
 GET /dashboard/courses 200 in 125ms (compile: 7ms, render: 118ms)
 POST /api/auth 200 in 14ms (compile: 3ms, render: 11ms)
 GET /admin 200 in 1399ms (compile: 1313ms, render: 86ms)
 GET /admin 200 in 38ms (compile: 2ms, render: 35ms)
 GET /admin/users 200 in 1049ms (compile: 969ms, render: 79ms)
 GET /admin/users 200 in 46ms (compile: 5ms, render: 41ms)
 GET /dashboard/courses 200 in 174ms (compile: 136ms, render: 37ms)
 GET /admin/courses 200 in 1039ms (compile: 882ms, render: 157ms)
 GET /admin/courses 200 in 123ms (compile: 3ms, render: 120ms)
 GET /dashboard/completed 200 in 124ms (compile: 4ms, render: 120ms)
 GET /dashboard/completed 200 in 129ms (compile: 1686µs, render: 127ms)
 GET /api/users 200 in 282ms (compile: 272ms, render: 10ms)
 GET /api/users 200 in 9ms (compile: 2ms, render: 7ms)
 GET /api/db 200 in 432ms (compile: 397ms, render: 35ms)
 GET /api/db 200 in 48ms (compile: 2ms, render: 46ms)
 GET /dashboard/courses 200 in 52ms (compile: 3ms, render: 49ms)
 GET /dashboard/courses 200 in 41ms (compile: 4ms, render: 37ms)
 GET /api/db 200 in 206ms (compile: 23ms, render: 182ms)
 POST /api/db 200 in 84ms (compile: 3ms, render: 81ms)
 GET /admin/courses 200 in 223ms (compile: 146ms, render: 77ms)
 GET / 200 in 125ms (compile: 11ms, render: 114ms)
 POST /api/auth 200 in 16ms (compile: 3ms, render: 13ms)
 GET /dashboard 200 in 27ms (compile: 3ms, render: 25ms)
 GET /dashboard 200 in 43ms (compile: 3ms, render: 40ms)
 GET /dashboard/courses 200 in 273ms (compile: 8ms, render: 265ms)
 GET /dashboard/courses 200 in 166ms (compile: 7ms, render: 159ms)
 GET /icon.svg 404 in 1888ms (compile: 411ms, render: 1477ms)
 GET /apple-touch-icon-precomposed.png 404 in 1915ms (compile: 246ms, render: 1668ms)
 GET /apple-touch-icon.png 404 in 1884ms (compile: 491ms, render: 1394ms)
 GET /icon-light-32x32.png 404 in 1832ms (compile: 775ms, render: 1057ms)
 GET /icon-dark-32x32.png 404 in 2.1s (compile: 914ms, render: 1143ms)
 GET /apple-icon.png 404 in 274ms (compile: 26ms, render: 248ms)
 GET /dashboard/courses 200 in 98ms (compile: 3ms, render: 94ms)
 GET /apple-icon.png 404 in 119ms (compile: 9ms, render: 111ms)
 GET /icon-light-32x32.png 404 in 65ms (compile: 8ms, render: 57ms)
 GET /icon-dark-32x32.png 404 in 45ms (compile: 13ms, render: 32ms)
 GET / 200 in 59ms (compile: 4ms, render: 55ms)
 GET / 200 in 59ms (compile: 18ms, render: 41ms)
 GET /icon.svg 404 in 116ms (compile: 15ms, render: 101ms)
 POST /api/auth 200 in 11ms (compile: 2ms, render: 9ms)
 GET /dashboard 200 in 21ms (compile: 3ms, render: 18ms)
 GET /dashboard 200 in 27ms (compile: 2ms, render: 25ms)
 GET /dashboard/courses 200 in 156ms (compile: 3ms, render: 153ms)
 GET /dashboard/courses 200 in 126ms (compile: 4ms, render: 122ms)
 GET /dashboard/courses/course-1764220982472-c4sufs 200 in 1585ms (compile: 1283ms, render: 302ms)
 POST /api/progress 200 in 132ms (compile: 114ms, render: 18ms)
 POST /api/progress 200 in 155ms (compile: 136ms, render: 19ms)
 GET /api/progress 200 in 11ms (compile: 2ms, render: 9ms)
 POST /api/progress 200 in 174ms (compile: 7ms, render: 168ms)
